d:\cpp_project\opencv_project\serial_assistant\serial_assistant\x64\release\moc_serial_assistant.obj
d:\cpp_project\opencv_project\serial_assistant\serial_assistant\x64\release\qrc_serial_assistant.obj
d:\cpp_project\opencv_project\serial_assistant\serial_assistant\x64\release\serial_assistant.obj
d:\cpp_project\opencv_project\serial_assistant\serial_assistant\x64\release\main.obj
d:\cpp_project\opencv_project\serial_assistant\x64\release\serial_assistant.exe
d:\cpp_project\opencv_project\serial_assistant\serial_assistant\x64\release\moc\moc_serial_assistant.cpp
d:\cpp_project\opencv_project\serial_assistant\serial_assistant\x64\release\serial_assistant.res
d:\cpp_project\opencv_project\serial_assistant\serial_assistant\x64\release\rcc\qrc_serial_assistant.cpp
d:\cpp_project\opencv_project\serial_assistant\serial_assistant\x64\release\uic\ui_serial_assistant.h
d:\cpp_project\opencv_project\serial_assistant\serial_assistant\x64\release\serial_assistant.tlog\cl.command.1.tlog
d:\cpp_project\opencv_project\serial_assistant\serial_assistant\x64\release\serial_assistant.tlog\cl.read.1.tlog
d:\cpp_project\opencv_project\serial_assistant\serial_assistant\x64\release\serial_assistant.tlog\cl.write.1.tlog
d:\cpp_project\opencv_project\serial_assistant\serial_assistant\x64\release\serial_assistant.tlog\link.command.1.tlog
d:\cpp_project\opencv_project\serial_assistant\serial_assistant\x64\release\serial_assistant.tlog\link.read.1.tlog
d:\cpp_project\opencv_project\serial_assistant\serial_assistant\x64\release\serial_assistant.tlog\link.write.1.tlog
d:\cpp_project\opencv_project\serial_assistant\serial_assistant\x64\release\serial_assistant.tlog\moc.read.1u.tlog
d:\cpp_project\opencv_project\serial_assistant\serial_assistant\x64\release\serial_assistant.tlog\moc.write.1u.tlog
d:\cpp_project\opencv_project\serial_assistant\serial_assistant\x64\release\serial_assistant.tlog\rc.command.1.tlog
d:\cpp_project\opencv_project\serial_assistant\serial_assistant\x64\release\serial_assistant.tlog\rc.read.1.tlog
d:\cpp_project\opencv_project\serial_assistant\serial_assistant\x64\release\serial_assistant.tlog\rc.write.1.tlog
d:\cpp_project\opencv_project\serial_assistant\serial_assistant\x64\release\serial_assistant.tlog\rcc.read.1u.tlog
d:\cpp_project\opencv_project\serial_assistant\serial_assistant\x64\release\serial_assistant.tlog\rcc.write.1u.tlog
d:\cpp_project\opencv_project\serial_assistant\serial_assistant\x64\release\serial_assistant.tlog\serial_assistant.write.1u.tlog
d:\cpp_project\opencv_project\serial_assistant\serial_assistant\x64\release\serial_assistant.tlog\uic.read.1u.tlog
d:\cpp_project\opencv_project\serial_assistant\serial_assistant\x64\release\serial_assistant.tlog\uic.write.1u.tlog
